<?xml version="1.0" encoding="UTF-8"?>
<testsuite name="springboot.web.PostsApiControllerTest" tests="2" skipped="0" failures="0" errors="0" timestamp="2022-03-14T14:02:45" hostname="BOSSMONSTER-NOT" time="0.315">
  <properties/>
  <testcase name="Posts_등록된다()" classname="springboot.web.PostsApiControllerTest" time="0.267"/>
  <testcase name="Posts_수정된다()" classname="springboot.web.PostsApiControllerTest" time="0.047"/>
  <system-out><![CDATA[2022-03-14 23:02:42.192  INFO 11124 --- [    Test worker] .b.t.c.SpringBootTestContextBootstrapper : Neither @ContextConfiguration nor @ContextHierarchy found for test class [springboot.web.PostsApiControllerTest], using SpringBootContextLoader
2022-03-14 23:02:42.193  INFO 11124 --- [    Test worker] o.s.t.c.support.AbstractContextLoader    : Could not detect default resource locations for test class [springboot.web.PostsApiControllerTest]: no resource found for suffixes {-context.xml, Context.groovy}.
2022-03-14 23:02:42.194  INFO 11124 --- [    Test worker] t.c.s.AnnotationConfigContextLoaderUtils : Could not detect default configuration classes for test class [springboot.web.PostsApiControllerTest]: PostsApiControllerTest does not declare any static, non-private, non-final, nested classes annotated with @Configuration.
2022-03-14 23:02:42.207  INFO 11124 --- [    Test worker] .b.t.c.SpringBootTestContextBootstrapper : Found @SpringBootConfiguration springboot.Application for test class springboot.web.PostsApiControllerTest
2022-03-14 23:02:42.209  INFO 11124 --- [    Test worker] .b.t.c.SpringBootTestContextBootstrapper : Loaded default TestExecutionListener class names from location [META-INF/spring.factories]: [org.springframework.security.test.context.support.WithSecurityContextTestExecutionListener, org.springframework.security.test.context.support.ReactorContextTestExecutionListener, org.springframework.boot.test.autoconfigure.restdocs.RestDocsTestExecutionListener, org.springframework.boot.test.autoconfigure.web.client.MockRestServiceServerResetTestExecutionListener, org.springframework.boot.test.autoconfigure.web.servlet.MockMvcPrintOnlyOnFailureTestExecutionListener, org.springframework.boot.test.autoconfigure.web.servlet.WebDriverTestExecutionListener, org.springframework.boot.test.autoconfigure.webservices.client.MockWebServiceServerTestExecutionListener, org.springframework.boot.test.mock.mockito.MockitoTestExecutionListener, org.springframework.boot.test.mock.mockito.ResetMocksTestExecutionListener, org.springframework.test.context.web.ServletTestExecutionListener, org.springframework.test.context.support.DirtiesContextBeforeModesTestExecutionListener, org.springframework.test.context.event.ApplicationEventsTestExecutionListener, org.springframework.test.context.support.DependencyInjectionTestExecutionListener, org.springframework.test.context.support.DirtiesContextTestExecutionListener, org.springframework.test.context.transaction.TransactionalTestExecutionListener, org.springframework.test.context.jdbc.SqlScriptsTestExecutionListener, org.springframework.test.context.event.EventPublishingTestExecutionListener]
2022-03-14 23:02:42.211  INFO 11124 --- [    Test worker] .b.t.c.SpringBootTestContextBootstrapper : Using TestExecutionListeners: [org.springframework.test.context.web.ServletTestExecutionListener@d0997c4, org.springframework.test.context.support.DirtiesContextBeforeModesTestExecutionListener@61a1eca2, org.springframework.test.context.event.ApplicationEventsTestExecutionListener@5ccc2bc1, org.springframework.boot.test.mock.mockito.MockitoTestExecutionListener@611de310, org.springframework.boot.test.autoconfigure.SpringBootDependencyInjectionTestExecutionListener@20ebef40, org.springframework.test.context.support.DirtiesContextTestExecutionListener@4ec1d303, org.springframework.test.context.transaction.TransactionalTestExecutionListener@736e7b39, org.springframework.test.context.jdbc.SqlScriptsTestExecutionListener@7de50327, org.springframework.security.test.context.support.WithSecurityContextTestExecutionListener@20b7234, org.springframework.test.context.event.EventPublishingTestExecutionListener@4292e0bd, org.springframework.security.test.context.support.ReactorContextTestExecutionListener@42a5fc65, org.springframework.boot.test.autoconfigure.restdocs.RestDocsTestExecutionListener@170c332d, org.springframework.boot.test.autoconfigure.web.client.MockRestServiceServerResetTestExecutionListener@4ecf792a, org.springframework.boot.test.autoconfigure.web.servlet.MockMvcPrintOnlyOnFailureTestExecutionListener@1b0def46, org.springframework.boot.test.autoconfigure.web.servlet.WebDriverTestExecutionListener@76267e96, org.springframework.boot.test.autoconfigure.webservices.client.MockWebServiceServerTestExecutionListener@c5be24, org.springframework.boot.test.mock.mockito.ResetMocksTestExecutionListener@35f6913f]

  .   ____          _            __ _ _
 /\\ / ___'_ __ _ _(_)_ __  __ _ \ \ \ \
( ( )\___ | '_ | '_| | '_ \/ _` | \ \ \ \
 \\/  ___)| |_)| | | | | || (_| |  ) ) ) )
  '  |____| .__|_| |_|_| |_\__, | / / / /
 =========|_|==============|___/=/_/_/_/
 :: Spring Boot ::                (v2.6.4)

2022-03-14 23:02:42.265  INFO 11124 --- [    Test worker] springboot.web.PostsApiControllerTest    : Starting PostsApiControllerTest using Java 1.8.0_312 on bossmonster-notbook with PID 11124 (started by PC in C:\Users\jojja\IdeaProjects\BackEndLesson\SpringBootAwsBook)
2022-03-14 23:02:42.265  INFO 11124 --- [    Test worker] springboot.web.PostsApiControllerTest    : No active profile set, falling back to 1 default profile: "default"
2022-03-14 23:02:42.766  INFO 11124 --- [    Test worker] .s.d.r.c.RepositoryConfigurationDelegate : Bootstrapping Spring Data JPA repositories in DEFAULT mode.
2022-03-14 23:02:42.806  INFO 11124 --- [    Test worker] .s.d.r.c.RepositoryConfigurationDelegate : Finished Spring Data repository scanning in 39 ms. Found 2 JPA repository interfaces.
2022-03-14 23:02:43.158  INFO 11124 --- [    Test worker] o.s.b.w.embedded.tomcat.TomcatWebServer  : Tomcat initialized with port(s): 0 (http)
2022-03-14 23:02:43.159  INFO 11124 --- [    Test worker] o.apache.catalina.core.StandardService   : Starting service [Tomcat]
2022-03-14 23:02:43.160  INFO 11124 --- [    Test worker] org.apache.catalina.core.StandardEngine  : Starting Servlet engine: [Apache Tomcat/9.0.58]
2022-03-14 23:02:43.204  INFO 11124 --- [    Test worker] o.a.c.c.C.[Tomcat-1].[localhost].[/]     : Initializing Spring embedded WebApplicationContext
2022-03-14 23:02:43.205  INFO 11124 --- [    Test worker] w.s.c.ServletWebServerApplicationContext : Root WebApplicationContext: initialization completed in 934 ms
2022-03-14 23:02:43.475  INFO 11124 --- [    Test worker] com.zaxxer.hikari.HikariDataSource       : HikariPool-3 - Starting...
2022-03-14 23:02:43.476  INFO 11124 --- [    Test worker] com.zaxxer.hikari.HikariDataSource       : HikariPool-3 - Start completed.
2022-03-14 23:02:43.593  INFO 11124 --- [    Test worker] o.hibernate.jpa.internal.util.LogHelper  : HHH000204: Processing PersistenceUnitInfo [name: default]
2022-03-14 23:02:43.607  INFO 11124 --- [    Test worker] org.hibernate.dialect.Dialect            : HHH000400: Using dialect: org.hibernate.dialect.H2Dialect
Hibernate: drop table if exists posts CASCADE 
Hibernate: drop table if exists user CASCADE 
Hibernate: create table posts (id bigint generated by default as identity, created_date timestamp, modified_date timestamp, author varchar(255), content TEXT not null, title varchar(500) not null, primary key (id))
Hibernate: create table user (id bigint generated by default as identity, created_date timestamp, modified_date timestamp, email varchar(255) not null, name varchar(255) not null, picture varchar(255), role varchar(255) not null, primary key (id))
2022-03-14 23:02:43.696  INFO 11124 --- [    Test worker] o.h.e.t.j.p.i.JtaPlatformInitiator       : HHH000490: Using JtaPlatform implementation: [org.hibernate.engine.transaction.jta.platform.internal.NoJtaPlatform]
2022-03-14 23:02:43.697  INFO 11124 --- [    Test worker] j.LocalContainerEntityManagerFactoryBean : Initialized JPA EntityManagerFactory for persistence unit 'default'
2022-03-14 23:02:44.079  WARN 11124 --- [    Test worker] JpaBaseConfiguration$JpaWebConfiguration : spring.jpa.open-in-view is enabled by default. Therefore, database queries may be performed during view rendering. Explicitly configure spring.jpa.open-in-view to disable this warning
2022-03-14 23:02:44.468  INFO 11124 --- [    Test worker] o.s.s.web.DefaultSecurityFilterChain     : Will not secure any request
2022-03-14 23:02:44.796  INFO 11124 --- [    Test worker] o.s.b.a.w.s.WelcomePageHandlerMapping    : Adding welcome page template: index
2022-03-14 23:02:45.217  INFO 11124 --- [    Test worker] o.a.c.c.C.[Tomcat-1].[localhost].[/]     : Initializing Spring TestDispatcherServlet ''
2022-03-14 23:02:45.218  INFO 11124 --- [    Test worker] o.s.t.web.servlet.TestDispatcherServlet  : Initializing Servlet ''
2022-03-14 23:02:45.219  INFO 11124 --- [    Test worker] o.s.t.web.servlet.TestDispatcherServlet  : Completed initialization in 1 ms
2022-03-14 23:02:45.248  INFO 11124 --- [    Test worker] o.s.b.w.embedded.tomcat.TomcatWebServer  : Tomcat started on port(s): 6950 (http) with context path ''
2022-03-14 23:02:45.254  INFO 11124 --- [    Test worker] s.a.ScheduledAnnotationBeanPostProcessor : No TaskScheduler/ScheduledExecutorService bean found for scheduled processing
2022-03-14 23:02:45.255  INFO 11124 --- [    Test worker] springboot.web.PostsApiControllerTest    : Started PostsApiControllerTest in 3.04 seconds (JVM running for 20.197)
2022-03-14 23:02:45.281  INFO 11124 --- [    Test worker] o.a.c.c.C.[Tomcat-1].[localhost].[/]     : Initializing Spring TestDispatcherServlet ''
2022-03-14 23:02:45.282  INFO 11124 --- [    Test worker] o.s.t.web.servlet.TestDispatcherServlet  : Initializing Servlet ''
2022-03-14 23:02:45.283  INFO 11124 --- [    Test worker] o.s.t.web.servlet.TestDispatcherServlet  : Completed initialization in 1 ms
Hibernate: insert into posts (id, created_date, modified_date, author, content, title) values (default, ?, ?, ?, ?, ?)
Hibernate: select posts0_.id as id1_0_, posts0_.created_date as created_2_0_, posts0_.modified_date as modified3_0_, posts0_.author as author4_0_, posts0_.content as content5_0_, posts0_.title as title6_0_ from posts posts0_
Hibernate: select posts0_.id as id1_0_, posts0_.created_date as created_2_0_, posts0_.modified_date as modified3_0_, posts0_.author as author4_0_, posts0_.content as content5_0_, posts0_.title as title6_0_ from posts posts0_
Hibernate: delete from posts where id=?
2022-03-14 23:02:45.538  INFO 11124 --- [    Test worker] o.a.c.c.C.[Tomcat-1].[localhost].[/]     : Initializing Spring TestDispatcherServlet ''
2022-03-14 23:02:45.539  INFO 11124 --- [    Test worker] o.s.t.web.servlet.TestDispatcherServlet  : Initializing Servlet ''
2022-03-14 23:02:45.540  INFO 11124 --- [    Test worker] o.s.t.web.servlet.TestDispatcherServlet  : Completed initialization in 1 ms
Hibernate: insert into posts (id, created_date, modified_date, author, content, title) values (default, ?, ?, ?, ?, ?)
Hibernate: select posts0_.id as id1_0_0_, posts0_.created_date as created_2_0_0_, posts0_.modified_date as modified3_0_0_, posts0_.author as author4_0_0_, posts0_.content as content5_0_0_, posts0_.title as title6_0_0_ from posts posts0_ where posts0_.id=?
Hibernate: update posts set created_date=?, modified_date=?, author=?, content=?, title=? where id=?
Hibernate: select posts0_.id as id1_0_, posts0_.created_date as created_2_0_, posts0_.modified_date as modified3_0_, posts0_.author as author4_0_, posts0_.content as content5_0_, posts0_.title as title6_0_ from posts posts0_
Hibernate: select posts0_.id as id1_0_, posts0_.created_date as created_2_0_, posts0_.modified_date as modified3_0_, posts0_.author as author4_0_, posts0_.content as content5_0_, posts0_.title as title6_0_ from posts posts0_
Hibernate: delete from posts where id=?
]]></system-out>
  <system-err><![CDATA[]]></system-err>
</testsuite>
