<?xml version="1.0" encoding="UTF-8"?>
<testsuite name="springboot.web.ConnectTest" tests="1" skipped="0" failures="0" errors="0" timestamp="2022-03-14T14:02:37" hostname="BOSSMONSTER-NOT" time="0.169">
  <properties/>
  <testcase name="연결()" classname="springboot.web.ConnectTest" time="0.169"/>
  <system-out><![CDATA[23:02:26.780 [Test worker] DEBUG org.springframework.test.context.BootstrapUtils - Instantiating CacheAwareContextLoaderDelegate from class [org.springframework.test.context.cache.DefaultCacheAwareContextLoaderDelegate]
23:02:26.801 [Test worker] DEBUG org.springframework.test.context.BootstrapUtils - Instantiating BootstrapContext using constructor [public org.springframework.test.context.support.DefaultBootstrapContext(java.lang.Class,org.springframework.test.context.CacheAwareContextLoaderDelegate)]
23:02:26.887 [Test worker] DEBUG org.springframework.test.context.BootstrapUtils - Instantiating TestContextBootstrapper for test class [springboot.web.ConnectTest] from class [org.springframework.boot.test.context.SpringBootTestContextBootstrapper]
23:02:26.913 [Test worker] INFO org.springframework.boot.test.context.SpringBootTestContextBootstrapper - Neither @ContextConfiguration nor @ContextHierarchy found for test class [springboot.web.ConnectTest], using SpringBootContextLoader
23:02:26.925 [Test worker] DEBUG org.springframework.test.context.support.AbstractContextLoader - Did not detect default resource location for test class [springboot.web.ConnectTest]: class path resource [springboot/web/ConnectTest-context.xml] does not exist
23:02:26.926 [Test worker] DEBUG org.springframework.test.context.support.AbstractContextLoader - Did not detect default resource location for test class [springboot.web.ConnectTest]: class path resource [springboot/web/ConnectTestContext.groovy] does not exist
23:02:26.927 [Test worker] INFO org.springframework.test.context.support.AbstractContextLoader - Could not detect default resource locations for test class [springboot.web.ConnectTest]: no resource found for suffixes {-context.xml, Context.groovy}.
23:02:26.928 [Test worker] INFO org.springframework.test.context.support.AnnotationConfigContextLoaderUtils - Could not detect default configuration classes for test class [springboot.web.ConnectTest]: ConnectTest does not declare any static, non-private, non-final, nested classes annotated with @Configuration.
23:02:27.030 [Test worker] DEBUG org.springframework.test.context.support.ActiveProfilesUtils - Could not find an 'annotation declaring class' for annotation type [org.springframework.test.context.ActiveProfiles] and class [springboot.web.ConnectTest]
23:02:27.185 [Test worker] DEBUG org.springframework.context.annotation.ClassPathScanningCandidateComponentProvider - Identified candidate component class: file [C:\Users\jojja\IdeaProjects\BackEndLesson\SpringBootAwsBook\build\classes\java\main\springboot\Application.class]
23:02:27.188 [Test worker] INFO org.springframework.boot.test.context.SpringBootTestContextBootstrapper - Found @SpringBootConfiguration springboot.Application for test class springboot.web.ConnectTest
23:02:27.348 [Test worker] DEBUG org.springframework.boot.test.context.SpringBootTestContextBootstrapper - @TestExecutionListeners is not present for class [springboot.web.ConnectTest]: using defaults.
23:02:27.349 [Test worker] INFO org.springframework.boot.test.context.SpringBootTestContextBootstrapper - Loaded default TestExecutionListener class names from location [META-INF/spring.factories]: [org.springframework.security.test.context.support.WithSecurityContextTestExecutionListener, org.springframework.security.test.context.support.ReactorContextTestExecutionListener, org.springframework.boot.test.autoconfigure.restdocs.RestDocsTestExecutionListener, org.springframework.boot.test.autoconfigure.web.client.MockRestServiceServerResetTestExecutionListener, org.springframework.boot.test.autoconfigure.web.servlet.MockMvcPrintOnlyOnFailureTestExecutionListener, org.springframework.boot.test.autoconfigure.web.servlet.WebDriverTestExecutionListener, org.springframework.boot.test.autoconfigure.webservices.client.MockWebServiceServerTestExecutionListener, org.springframework.boot.test.mock.mockito.MockitoTestExecutionListener, org.springframework.boot.test.mock.mockito.ResetMocksTestExecutionListener, org.springframework.test.context.web.ServletTestExecutionListener, org.springframework.test.context.support.DirtiesContextBeforeModesTestExecutionListener, org.springframework.test.context.event.ApplicationEventsTestExecutionListener, org.springframework.test.context.support.DependencyInjectionTestExecutionListener, org.springframework.test.context.support.DirtiesContextTestExecutionListener, org.springframework.test.context.transaction.TransactionalTestExecutionListener, org.springframework.test.context.jdbc.SqlScriptsTestExecutionListener, org.springframework.test.context.event.EventPublishingTestExecutionListener]
23:02:27.385 [Test worker] INFO org.springframework.boot.test.context.SpringBootTestContextBootstrapper - Using TestExecutionListeners: [org.springframework.test.context.web.ServletTestExecutionListener@29303720, org.springframework.test.context.support.DirtiesContextBeforeModesTestExecutionListener@686bb7c4, org.springframework.test.context.event.ApplicationEventsTestExecutionListener@16432084, org.springframework.boot.test.mock.mockito.MockitoTestExecutionListener@1aa5075c, org.springframework.boot.test.autoconfigure.SpringBootDependencyInjectionTestExecutionListener@3204aa1f, org.springframework.test.context.support.DirtiesContextTestExecutionListener@764fe0c, org.springframework.test.context.transaction.TransactionalTestExecutionListener@8acb964, org.springframework.test.context.jdbc.SqlScriptsTestExecutionListener@3a81d0ca, org.springframework.security.test.context.support.WithSecurityContextTestExecutionListener@2d42d1d7, org.springframework.test.context.event.EventPublishingTestExecutionListener@df6ceed, org.springframework.security.test.context.support.ReactorContextTestExecutionListener@607c21ae, org.springframework.boot.test.autoconfigure.restdocs.RestDocsTestExecutionListener@544faaeb, org.springframework.boot.test.autoconfigure.web.client.MockRestServiceServerResetTestExecutionListener@6f3805dc, org.springframework.boot.test.autoconfigure.web.servlet.MockMvcPrintOnlyOnFailureTestExecutionListener@54823f70, org.springframework.boot.test.autoconfigure.web.servlet.WebDriverTestExecutionListener@5572051f, org.springframework.boot.test.autoconfigure.webservices.client.MockWebServiceServerTestExecutionListener@7c43e5a8, org.springframework.boot.test.mock.mockito.ResetMocksTestExecutionListener@537a1919]
23:02:27.392 [Test worker] DEBUG org.springframework.test.context.support.AbstractDirtiesContextTestExecutionListener - Before test class: context [DefaultTestContext@4d48217d testClass = ConnectTest, testInstance = [null], testMethod = [null], testException = [null], mergedContextConfiguration = [WebMergedContextConfiguration@430e28f2 testClass = ConnectTest, locations = '{}', classes = '{class springboot.Application}', contextInitializerClasses = '[]', activeProfiles = '{}', propertySourceLocations = '{}', propertySourceProperties = '{org.springframework.boot.test.context.SpringBootTestContextBootstrapper=true}', contextCustomizers = set[org.springframework.boot.test.autoconfigure.actuate.metrics.MetricsExportContextCustomizerFactory$DisableMetricExportContextCustomizer@28e3998f, org.springframework.boot.test.autoconfigure.properties.PropertyMappingContextCustomizer@0, org.springframework.boot.test.autoconfigure.web.servlet.WebDriverContextCustomizerFactory$Customizer@77b314b8, org.springframework.boot.test.context.filter.ExcludeFilterContextCustomizer@4e16b8d0, org.springframework.boot.test.json.DuplicateJsonObjectContextCustomizerFactory$DuplicateJsonObjectContextCustomizer@2d264616, org.springframework.boot.test.mock.mockito.MockitoContextCustomizer@0, org.springframework.boot.test.web.client.TestRestTemplateContextCustomizer@7883f254, org.springframework.boot.test.context.SpringBootTestArgs@1, org.springframework.boot.test.context.SpringBootTestWebEnvironment@3c3ce686], resourceBasePath = 'src/main/webapp', contextLoader = 'org.springframework.boot.test.context.SpringBootContextLoader', parent = [null]], attributes = map['org.springframework.test.context.web.ServletTestExecutionListener.activateListener' -> true]], class annotated with @DirtiesContext [false] with mode [null].

  .   ____          _            __ _ _
 /\\ / ___'_ __ _ _(_)_ __  __ _ \ \ \ \
( ( )\___ | '_ | '_| | '_ \/ _` | \ \ \ \
 \\/  ___)| |_)| | | | | || (_| |  ) ) ) )
  '  |____| .__|_| |_|_| |_\__, | / / / /
 =========|_|==============|___/=/_/_/_/
 :: Spring Boot ::                (v2.6.4)

2022-03-14 23:02:27.935  INFO 11124 --- [    Test worker] springboot.web.ConnectTest               : Starting ConnectTest using Java 1.8.0_312 on bossmonster-notbook with PID 11124 (started by PC in C:\Users\jojja\IdeaProjects\BackEndLesson\SpringBootAwsBook)
2022-03-14 23:02:27.937  INFO 11124 --- [    Test worker] springboot.web.ConnectTest               : No active profile set, falling back to 1 default profile: "default"
2022-03-14 23:02:29.397  INFO 11124 --- [    Test worker] .s.d.r.c.RepositoryConfigurationDelegate : Bootstrapping Spring Data JPA repositories in DEFAULT mode.
2022-03-14 23:02:29.528  INFO 11124 --- [    Test worker] .s.d.r.c.RepositoryConfigurationDelegate : Finished Spring Data repository scanning in 113 ms. Found 2 JPA repository interfaces.
2022-03-14 23:02:30.643  INFO 11124 --- [    Test worker] com.zaxxer.hikari.HikariDataSource       : HikariPool-1 - Starting...
2022-03-14 23:02:31.099  INFO 11124 --- [    Test worker] com.zaxxer.hikari.HikariDataSource       : HikariPool-1 - Start completed.
2022-03-14 23:02:31.521  INFO 11124 --- [    Test worker] o.hibernate.jpa.internal.util.LogHelper  : HHH000204: Processing PersistenceUnitInfo [name: default]
2022-03-14 23:02:31.630  INFO 11124 --- [    Test worker] org.hibernate.Version                    : HHH000412: Hibernate ORM core version 5.6.5.Final
2022-03-14 23:02:31.963  INFO 11124 --- [    Test worker] o.hibernate.annotations.common.Version   : HCANN000001: Hibernate Commons Annotations {5.1.2.Final}
2022-03-14 23:02:32.278  INFO 11124 --- [    Test worker] org.hibernate.dialect.Dialect            : HHH000400: Using dialect: org.hibernate.dialect.H2Dialect
Hibernate: drop table if exists posts CASCADE 
Hibernate: drop table if exists user CASCADE 
Hibernate: create table posts (id bigint generated by default as identity, created_date timestamp, modified_date timestamp, author varchar(255), content TEXT not null, title varchar(500) not null, primary key (id))
Hibernate: create table user (id bigint generated by default as identity, created_date timestamp, modified_date timestamp, email varchar(255) not null, name varchar(255) not null, picture varchar(255), role varchar(255) not null, primary key (id))
2022-03-14 23:02:33.319  INFO 11124 --- [    Test worker] o.h.e.t.j.p.i.JtaPlatformInitiator       : HHH000490: Using JtaPlatform implementation: [org.hibernate.engine.transaction.jta.platform.internal.NoJtaPlatform]
2022-03-14 23:02:33.335  INFO 11124 --- [    Test worker] j.LocalContainerEntityManagerFactoryBean : Initialized JPA EntityManagerFactory for persistence unit 'default'
2022-03-14 23:02:34.220  WARN 11124 --- [    Test worker] JpaBaseConfiguration$JpaWebConfiguration : spring.jpa.open-in-view is enabled by default. Therefore, database queries may be performed during view rendering. Explicitly configure spring.jpa.open-in-view to disable this warning
2022-03-14 23:02:35.548  INFO 11124 --- [    Test worker] o.s.s.web.DefaultSecurityFilterChain     : Will not secure any request
2022-03-14 23:02:36.638  INFO 11124 --- [    Test worker] o.s.b.a.w.s.WelcomePageHandlerMapping    : Adding welcome page template: index
2022-03-14 23:02:37.469  INFO 11124 --- [    Test worker] s.a.ScheduledAnnotationBeanPostProcessor : No TaskScheduler/ScheduledExecutorService bean found for scheduled processing
2022-03-14 23:02:37.491  INFO 11124 --- [    Test worker] springboot.web.ConnectTest               : Started ConnectTest in 10.03 seconds (JVM running for 12.434)
connection.getMetaData().getURL() = jdbc:h2:mem:testdb
connection.getMetaData().getUserName() = SA
]]></system-out>
  <system-err><![CDATA[]]></system-err>
</testsuite>
