<?xml version="1.0" encoding="UTF-8"?>
<testsuite name="springboot.web.domain.posts.PostsRepositoryTest" tests="2" skipped="0" failures="0" errors="0" timestamp="2022-03-14T14:02:37" hostname="BOSSMONSTER-NOT" time="0.306">
  <properties/>
  <testcase name="BaseTimeEntity_등록록()" classname="springboot.web.domain.posts.PostsRepositoryTest" time="0.284"/>
  <testcase name="게시글저장_불러오기()" classname="springboot.web.domain.posts.PostsRepositoryTest" time="0.021"/>
  <system-out><![CDATA[2022-03-14 23:02:37.710  INFO 11124 --- [    Test worker] .b.t.c.SpringBootTestContextBootstrapper : Neither @ContextConfiguration nor @ContextHierarchy found for test class [springboot.web.domain.posts.PostsRepositoryTest], using SpringBootContextLoader
2022-03-14 23:02:37.712  INFO 11124 --- [    Test worker] o.s.t.c.support.AbstractContextLoader    : Could not detect default resource locations for test class [springboot.web.domain.posts.PostsRepositoryTest]: no resource found for suffixes {-context.xml, Context.groovy}.
2022-03-14 23:02:37.712  INFO 11124 --- [    Test worker] t.c.s.AnnotationConfigContextLoaderUtils : Could not detect default configuration classes for test class [springboot.web.domain.posts.PostsRepositoryTest]: PostsRepositoryTest does not declare any static, non-private, non-final, nested classes annotated with @Configuration.
2022-03-14 23:02:37.741  INFO 11124 --- [    Test worker] .b.t.c.SpringBootTestContextBootstrapper : Found @SpringBootConfiguration springboot.Application for test class springboot.web.domain.posts.PostsRepositoryTest
2022-03-14 23:02:37.747  INFO 11124 --- [    Test worker] .b.t.c.SpringBootTestContextBootstrapper : Loaded default TestExecutionListener class names from location [META-INF/spring.factories]: [org.springframework.security.test.context.support.WithSecurityContextTestExecutionListener, org.springframework.security.test.context.support.ReactorContextTestExecutionListener, org.springframework.boot.test.autoconfigure.restdocs.RestDocsTestExecutionListener, org.springframework.boot.test.autoconfigure.web.client.MockRestServiceServerResetTestExecutionListener, org.springframework.boot.test.autoconfigure.web.servlet.MockMvcPrintOnlyOnFailureTestExecutionListener, org.springframework.boot.test.autoconfigure.web.servlet.WebDriverTestExecutionListener, org.springframework.boot.test.autoconfigure.webservices.client.MockWebServiceServerTestExecutionListener, org.springframework.boot.test.mock.mockito.MockitoTestExecutionListener, org.springframework.boot.test.mock.mockito.ResetMocksTestExecutionListener, org.springframework.test.context.web.ServletTestExecutionListener, org.springframework.test.context.support.DirtiesContextBeforeModesTestExecutionListener, org.springframework.test.context.event.ApplicationEventsTestExecutionListener, org.springframework.test.context.support.DependencyInjectionTestExecutionListener, org.springframework.test.context.support.DirtiesContextTestExecutionListener, org.springframework.test.context.transaction.TransactionalTestExecutionListener, org.springframework.test.context.jdbc.SqlScriptsTestExecutionListener, org.springframework.test.context.event.EventPublishingTestExecutionListener]
2022-03-14 23:02:37.751  INFO 11124 --- [    Test worker] .b.t.c.SpringBootTestContextBootstrapper : Using TestExecutionListeners: [org.springframework.test.context.web.ServletTestExecutionListener@27cc824e, org.springframework.test.context.support.DirtiesContextBeforeModesTestExecutionListener@1fa0b0bd, org.springframework.test.context.event.ApplicationEventsTestExecutionListener@1b390e09, org.springframework.boot.test.mock.mockito.MockitoTestExecutionListener@2a911cd2, org.springframework.boot.test.autoconfigure.SpringBootDependencyInjectionTestExecutionListener@698c253c, org.springframework.test.context.support.DirtiesContextTestExecutionListener@73b355e8, org.springframework.test.context.transaction.TransactionalTestExecutionListener@202954d1, org.springframework.test.context.jdbc.SqlScriptsTestExecutionListener@27cbb8a, org.springframework.security.test.context.support.WithSecurityContextTestExecutionListener@ad1cb3c, org.springframework.test.context.event.EventPublishingTestExecutionListener@6324d39b, org.springframework.security.test.context.support.ReactorContextTestExecutionListener@9418cf2, org.springframework.boot.test.autoconfigure.restdocs.RestDocsTestExecutionListener@6e86d6bb, org.springframework.boot.test.autoconfigure.web.client.MockRestServiceServerResetTestExecutionListener@6a0a687c, org.springframework.boot.test.autoconfigure.web.servlet.MockMvcPrintOnlyOnFailureTestExecutionListener@2ff7c6ad, org.springframework.boot.test.autoconfigure.web.servlet.WebDriverTestExecutionListener@2a54e9bd, org.springframework.boot.test.autoconfigure.webservices.client.MockWebServiceServerTestExecutionListener@72bfd142, org.springframework.boot.test.mock.mockito.ResetMocksTestExecutionListener@4b4f0ee1]
Hibernate: insert into posts (id, created_date, modified_date, author, content, title) values (default, ?, ?, ?, ?, ?)
Hibernate: select posts0_.id as id1_0_, posts0_.created_date as created_2_0_, posts0_.modified_date as modified3_0_, posts0_.author as author4_0_, posts0_.content as content5_0_, posts0_.title as title6_0_ from posts posts0_
Hibernate: select posts0_.id as id1_0_, posts0_.created_date as created_2_0_, posts0_.modified_date as modified3_0_, posts0_.author as author4_0_, posts0_.content as content5_0_, posts0_.title as title6_0_ from posts posts0_
Hibernate: delete from posts where id=?
Hibernate: insert into posts (id, created_date, modified_date, author, content, title) values (default, ?, ?, ?, ?, ?)
Hibernate: select posts0_.id as id1_0_, posts0_.created_date as created_2_0_, posts0_.modified_date as modified3_0_, posts0_.author as author4_0_, posts0_.content as content5_0_, posts0_.title as title6_0_ from posts posts0_
Hibernate: select posts0_.id as id1_0_, posts0_.created_date as created_2_0_, posts0_.modified_date as modified3_0_, posts0_.author as author4_0_, posts0_.content as content5_0_, posts0_.title as title6_0_ from posts posts0_
Hibernate: delete from posts where id=?
]]></system-out>
  <system-err><![CDATA[]]></system-err>
</testsuite>
